<?xml version="1.0" encoding="UTF-8" standalone="no"?>
<testsuite errors="0" failures="1" name="io.cucumber.core.plugin.JUnitFormatter" skipped="0" tests="1" time="22.196">
    <testcase classname="I want to test Kayak flight search functionality" name="Kayak domestic flight search" time="21.886">
        <failure message="javascript error: {&quot;status&quot;:32,&quot;value&quot;:&quot;An invalid or illegal selector was specified&quot;}&#10;  (Session info: chrome=123.0.6312.124)&#10;Build info: version: '4.11.0', revision: '040bc5406b'&#10;System info: os.name: 'Mac OS X', os.arch: 'x86_64', os.version: '11.6.5', java.version: '18.0.2.1'&#10;Driver info: org.openqa.selenium.chrome.ChromeDriver&#10;Command: [8f91f6fd9d7dd367846451b3cdc50c3e, findElement {using=css selector, value=//span[text()='Cheapest']}]&#10;Capabilities {acceptInsecureCerts: false, browserName: chrome, browserVersion: 123.0.6312.124, chrome: {chromedriverVersion: 123.0.6312.122 (31f8248cdd9..., userDataDir: /var/folders/tv/ys9fvp5575v...}, fedcm:accounts: true, goog:chromeOptions: {debuggerAddress: localhost:62787}, networkConnectionEnabled: false, pageLoadStrategy: normal, platformName: mac, proxy: Proxy(), se:cdp: ws://localhost:62787/devtoo..., se:cdpVersion: 123.0.6312.124, setWindowRect: true, strictFileInteractability: false, timeouts: {implicit: 0, pageLoad: 300000, script: 30000}, unhandledPromptBehavior: dismiss and notify, webauthn:extension:credBlob: true, webauthn:extension:largeBlob: true, webauthn:extension:minPinLength: true, webauthn:extension:prf: true, webauthn:virtualAuthenticators: true}&#10;Session ID: 8f91f6fd9d7dd367846451b3cdc50c3e" type="org.openqa.selenium.JavascriptException"><![CDATA[Given I am on Kayak home page...............................................passed
When I perform flight search for Mumbai.....................................passed
And from date should be 20 May, 2024........................................passed
And to date should be 27 May, 2024..........................................passed
And I click on search button................................................passed
Then Flight search result page should be displayed and the prices should be displayed in increasing order.failed

StackTrace:
org.openqa.selenium.JavascriptException: javascript error: {"status":32,"value":"An invalid or illegal selector was specified"}
  (Session info: chrome=123.0.6312.124)
Build info: version: '4.11.0', revision: '040bc5406b'
System info: os.name: 'Mac OS X', os.arch: 'x86_64', os.version: '11.6.5', java.version: '18.0.2.1'
Driver info: org.openqa.selenium.chrome.ChromeDriver
Command: [8f91f6fd9d7dd367846451b3cdc50c3e, findElement {using=css selector, value=//span[text()='Cheapest']}]
Capabilities {acceptInsecureCerts: false, browserName: chrome, browserVersion: 123.0.6312.124, chrome: {chromedriverVersion: 123.0.6312.122 (31f8248cdd9..., userDataDir: /var/folders/tv/ys9fvp5575v...}, fedcm:accounts: true, goog:chromeOptions: {debuggerAddress: localhost:62787}, networkConnectionEnabled: false, pageLoadStrategy: normal, platformName: mac, proxy: Proxy(), se:cdp: ws://localhost:62787/devtoo..., se:cdpVersion: 123.0.6312.124, setWindowRect: true, strictFileInteractability: false, timeouts: {implicit: 0, pageLoad: 300000, script: 30000}, unhandledPromptBehavior: dismiss and notify, webauthn:extension:credBlob: true, webauthn:extension:largeBlob: true, webauthn:extension:minPinLength: true, webauthn:extension:prf: true, webauthn:virtualAuthenticators: true}
Session ID: 8f91f6fd9d7dd367846451b3cdc50c3e
	at java.base/jdk.internal.reflect.DirectConstructorHandleAccessor.newInstance(DirectConstructorHandleAccessor.java:67)
	at java.base/java.lang.reflect.Constructor.newInstanceWithCaller(Constructor.java:499)
	at java.base/java.lang.reflect.Constructor.newInstance(Constructor.java:483)
	at org.openqa.selenium.remote.codec.w3c.W3CHttpResponseCodec.createException(W3CHttpResponseCodec.java:200)
	at org.openqa.selenium.remote.codec.w3c.W3CHttpResponseCodec.decode(W3CHttpResponseCodec.java:133)
	at org.openqa.selenium.remote.codec.w3c.W3CHttpResponseCodec.decode(W3CHttpResponseCodec.java:52)
	at org.openqa.selenium.remote.HttpCommandExecutor.execute(HttpCommandExecutor.java:191)
	at org.openqa.selenium.remote.service.DriverCommandExecutor.invokeExecute(DriverCommandExecutor.java:196)
	at org.openqa.selenium.remote.service.DriverCommandExecutor.execute(DriverCommandExecutor.java:171)
	at org.openqa.selenium.remote.RemoteWebDriver.execute(RemoteWebDriver.java:518)
	at org.openqa.selenium.remote.ElementLocation$ElementFinder$2.findElement(ElementLocation.java:165)
	at org.openqa.selenium.remote.ElementLocation.findElement(ElementLocation.java:59)
	at org.openqa.selenium.remote.RemoteWebDriver.findElement(RemoteWebDriver.java:355)
	at org.openqa.selenium.remote.RemoteWebDriver.findElement(RemoteWebDriver.java:349)
	at pageObjects.KayakSearchResultPage.priceSortingValidation(KayakSearchResultPage.java:21)
	at stepDef.KayakTestStepDefinition.flight_search_result_page_should_be_displayed(KayakTestStepDefinition.java:41)
	at ✽.Flight search result page should be displayed and the prices should be displayed in increasing order(file:///Users/Pankaj/xtra/SeleniumWorkspace/Batch2SelCucTestNG_finalProjectImplementation/cucJUnitFrameWork/src/test/resources/features/KayakFlightTest.feature:10)
]]></failure>
    </testcase>
</testsuite>
