<?xml version="1.0" encoding="UTF-8"?>
<testng-results ignored="0" total="1" passed="1" failed="0" skipped="0">
  <reporter-output>
  </reporter-output>
  <suite started-at="2024-04-18T15:02:23 IST" name="Default suite" finished-at="2024-04-18T15:02:41 IST" duration-ms="18332">
    <groups>
    </groups>
    <test started-at="2024-04-18T15:02:23 IST" name="Default test" finished-at="2024-04-18T15:02:41 IST" duration-ms="18332">
      <class name="trial.BrowserLaunch">
        <test-method signature="launchBrowser()[pri:0, instance:trial.BrowserLaunch@7d0b7e3c]" started-at="2024-04-18T15:02:23 IST" name="launchBrowser" finished-at="2024-04-18T15:02:41 IST" duration-ms="18228" status="PASS">
          <reporter-output>
          </reporter-output>
        </test-method> <!-- launchBrowser -->
      </class> <!-- trial.BrowserLaunch -->
    </test> <!-- Default test -->
  </suite> <!-- Default suite -->
</testng-results>
